<?xml version="1.0" encoding="UTF-8"?>
<testng-results ignored="0" total="1" passed="1" failed="0" skipped="0">
  <reporter-output>
  </reporter-output>
  <suite started-at="2020-10-09T04:33:47 PDT" name="Default suite" finished-at="2020-10-09T04:35:59 PDT" duration-ms="132374">
    <groups>
    </groups>
    <test started-at="2020-10-09T04:33:47 PDT" name="Default test" finished-at="2020-10-09T04:35:59 PDT" duration-ms="132374">
      <class name="com.ust.makemytrip.MakeMyTrip">
        <test-method is-config="true" signature="init()[pri:0, instance:com.ust.makemytrip.MakeMyTrip@55740540]" started-at="2020-10-09T04:33:47 PDT" name="init" finished-at="2020-10-09T04:33:54 PDT" duration-ms="6907" status="PASS">
          <reporter-output>
          </reporter-output>
        </test-method> <!-- init -->
        <test-method signature="hotelBooking()[pri:0, instance:com.ust.makemytrip.MakeMyTrip@55740540]" started-at="2020-10-09T04:33:54 PDT" name="hotelBooking" finished-at="2020-10-09T04:35:58 PDT" duration-ms="123666" status="PASS">
          <reporter-output>
          </reporter-output>
        </test-method> <!-- hotelBooking -->
        <test-method is-config="true" signature="captureResult()[pri:0, instance:com.ust.makemytrip.MakeMyTrip@55740540]" started-at="2020-10-09T04:35:58 PDT" name="captureResult" finished-at="2020-10-09T04:35:58 PDT" duration-ms="549" status="PASS">
          <reporter-output>
          </reporter-output>
        </test-method> <!-- captureResult -->
        <test-method is-config="true" signature="close()[pri:0, instance:com.ust.makemytrip.MakeMyTrip@55740540]" started-at="2020-10-09T04:35:58 PDT" name="close" finished-at="2020-10-09T04:35:59 PDT" duration-ms="1208" status="PASS">
          <reporter-output>
          </reporter-output>
        </test-method> <!-- close -->
      </class> <!-- com.ust.makemytrip.MakeMyTrip -->
    </test> <!-- Default test -->
  </suite> <!-- Default suite -->
</testng-results>
